mode: set
github.com/go-kit/kit/log/logfmt_logger.go:16.33,19.2 2 1
github.com/go-kit/kit/log/logfmt_logger.go:22.26,26.3 3 1
github.com/go-kit/kit/log/logfmt_logger.go:37.42,39.2 1 1
github.com/go-kit/kit/log/logfmt_logger.go:41.57,46.54 4 1
github.com/go-kit/kit/log/logfmt_logger.go:51.2,51.40 1 1
github.com/go-kit/kit/log/logfmt_logger.go:58.2,58.54 1 1
github.com/go-kit/kit/log/logfmt_logger.go:61.2,61.12 1 1
github.com/go-kit/kit/log/logfmt_logger.go:46.54,48.3 1 0
github.com/go-kit/kit/log/logfmt_logger.go:51.40,53.3 1 0
github.com/go-kit/kit/log/logfmt_logger.go:58.54,60.3 1 0
github.com/go-kit/kit/log/nop_logger.go:6.28,6.50 1 1
github.com/go-kit/kit/log/nop_logger.go:8.44,8.58 1 1
github.com/go-kit/kit/log/stdlib.go:19.52,22.2 2 1
github.com/go-kit/kit/log/stdlib.go:38.51,39.32 1 0
github.com/go-kit/kit/log/stdlib.go:39.32,39.56 1 0
github.com/go-kit/kit/log/stdlib.go:43.46,44.32 1 0
github.com/go-kit/kit/log/stdlib.go:44.32,44.51 1 0
github.com/go-kit/kit/log/stdlib.go:48.49,49.32 1 0
github.com/go-kit/kit/log/stdlib.go:49.32,49.54 1 0
github.com/go-kit/kit/log/stdlib.go:54.80,61.33 2 1
github.com/go-kit/kit/log/stdlib.go:64.2,64.10 1 1
github.com/go-kit/kit/log/stdlib.go:61.33,63.3 1 0
github.com/go-kit/kit/log/stdlib.go:67.53,71.50 4 1
github.com/go-kit/kit/log/stdlib.go:74.2,74.50 1 1
github.com/go-kit/kit/log/stdlib.go:80.2,80.21 1 1
github.com/go-kit/kit/log/stdlib.go:83.2,83.50 1 1
github.com/go-kit/kit/log/stdlib.go:86.2,86.34 1 1
github.com/go-kit/kit/log/stdlib.go:89.2,89.49 1 1
github.com/go-kit/kit/log/stdlib.go:92.2,92.20 1 1
github.com/go-kit/kit/log/stdlib.go:71.50,73.3 1 1
github.com/go-kit/kit/log/stdlib.go:74.50,75.22 1 1
github.com/go-kit/kit/log/stdlib.go:78.3,78.20 1 1
github.com/go-kit/kit/log/stdlib.go:75.22,77.4 1 1
github.com/go-kit/kit/log/stdlib.go:80.21,82.3 1 1
github.com/go-kit/kit/log/stdlib.go:83.50,85.3 1 1
github.com/go-kit/kit/log/stdlib.go:86.34,88.3 1 1
github.com/go-kit/kit/log/stdlib.go:89.49,91.3 1 0
github.com/go-kit/kit/log/stdlib.go:106.45,108.43 2 1
github.com/go-kit/kit/log/stdlib.go:111.2,112.47 2 1
github.com/go-kit/kit/log/stdlib.go:115.2,115.15 1 1
github.com/go-kit/kit/log/stdlib.go:108.43,110.3 1 0
github.com/go-kit/kit/log/stdlib.go:112.47,114.3 1 1
github.com/go-kit/kit/log/sync.go:25.56,27.28 2 1
github.com/go-kit/kit/log/sync.go:30.2,30.26 1 1
github.com/go-kit/kit/log/sync.go:27.28,29.3 1 1
github.com/go-kit/kit/log/sync.go:35.42,37.2 1 1
github.com/go-kit/kit/log/sync.go:49.43,50.23 1 1
github.com/go-kit/kit/log/sync.go:51.16,52.36 1 1
github.com/go-kit/kit/log/sync.go:53.10,54.32 1 1
github.com/go-kit/kit/log/sync.go:66.57,71.2 4 1
github.com/go-kit/kit/log/sync.go:88.59,93.2 4 1
github.com/go-kit/kit/log/sync.go:105.42,107.2 1 1
github.com/go-kit/kit/log/sync.go:111.56,116.2 4 1
github.com/go-kit/kit/log/value.go:16.40,17.39 1 1
github.com/go-kit/kit/log/value.go:17.39,18.39 1 1
github.com/go-kit/kit/log/value.go:18.39,20.4 1 1
github.com/go-kit/kit/log/value.go:26.49,27.39 1 1
github.com/go-kit/kit/log/value.go:32.2,32.14 1 1
github.com/go-kit/kit/log/value.go:27.39,28.39 1 1
github.com/go-kit/kit/log/value.go:28.39,30.4 1 1
github.com/go-kit/kit/log/value.go:40.43,41.28 1 1
github.com/go-kit/kit/log/value.go:41.28,41.42 1 1
github.com/go-kit/kit/log/value.go:51.64,52.28 1 1
github.com/go-kit/kit/log/value.go:52.28,57.3 1 1
github.com/go-kit/kit/log/value.go:67.38,69.2 1 1
github.com/go-kit/kit/log/value.go:72.61,79.2 3 1
github.com/go-kit/kit/log/value.go:83.31,84.28 1 1
github.com/go-kit/kit/log/value.go:84.28,84.58 1 1
github.com/go-kit/kit/log/value.go:95.20,95.47 1 0
github.com/go-kit/kit/log/json_logger.go:19.40,21.2 1 1
github.com/go-kit/kit/log/json_logger.go:23.56,26.39 3 1
github.com/go-kit/kit/log/json_logger.go:34.2,34.44 1 1
github.com/go-kit/kit/log/json_logger.go:26.39,29.25 3 1
github.com/go-kit/kit/log/json_logger.go:32.3,32.17 1 1
github.com/go-kit/kit/log/json_logger.go:29.25,31.4 1 1
github.com/go-kit/kit/log/json_logger.go:37.58,39.23 2 1
github.com/go-kit/kit/log/json_logger.go:47.2,47.28 1 1
github.com/go-kit/kit/log/json_logger.go:54.2,54.23 1 1
github.com/go-kit/kit/log/json_logger.go:63.2,63.14 1 1
github.com/go-kit/kit/log/json_logger.go:40.14,41.10 1 1
github.com/go-kit/kit/log/json_logger.go:42.20,43.22 1 1
github.com/go-kit/kit/log/json_logger.go:44.10,45.22 1 0
github.com/go-kit/kit/log/json_logger.go:47.28,49.3 1 1
github.com/go-kit/kit/log/json_logger.go:55.22,55.22 0 1
github.com/go-kit/kit/log/json_logger.go:56.30,56.30 0 1
github.com/go-kit/kit/log/json_logger.go:57.13,58.19 1 0
github.com/go-kit/kit/log/json_logger.go:59.20,60.20 1 1
github.com/go-kit/kit/log/json_logger.go:66.46,67.15 1 1
github.com/go-kit/kit/log/json_logger.go:76.2,77.8 2 1
github.com/go-kit/kit/log/json_logger.go:67.15,68.45 1 1
github.com/go-kit/kit/log/json_logger.go:68.45,69.71 1 1
github.com/go-kit/kit/log/json_logger.go:69.71,71.5 1 1
github.com/go-kit/kit/log/json_logger.go:71.5,72.20 1 0
github.com/go-kit/kit/log/json_logger.go:80.43,81.15 1 1
github.com/go-kit/kit/log/json_logger.go:90.2,91.8 2 1
github.com/go-kit/kit/log/json_logger.go:81.15,82.45 1 1
github.com/go-kit/kit/log/json_logger.go:82.45,83.71 1 1
github.com/go-kit/kit/log/json_logger.go:83.71,85.5 1 1
github.com/go-kit/kit/log/json_logger.go:85.5,86.20 1 0
github.com/go-kit/kit/log/log.go:24.57,25.23 1 1
github.com/go-kit/kit/log/log.go:28.2,30.21 3 1
github.com/go-kit/kit/log/log.go:33.2,41.3 1 1
github.com/go-kit/kit/log/log.go:25.23,27.3 1 1
github.com/go-kit/kit/log/log.go:30.21,32.3 1 1
github.com/go-kit/kit/log/log.go:50.63,51.23 1 1
github.com/go-kit/kit/log/log.go:54.2,60.25 3 1
github.com/go-kit/kit/log/log.go:63.2,65.21 3 1
github.com/go-kit/kit/log/log.go:68.2,73.3 2 1
github.com/go-kit/kit/log/log.go:51.23,53.3 1 0
github.com/go-kit/kit/log/log.go:60.25,62.3 1 1
github.com/go-kit/kit/log/log.go:65.21,67.3 1 1
github.com/go-kit/kit/log/log.go:101.41,102.36 1 1
github.com/go-kit/kit/log/log.go:105.2,105.33 1 1
github.com/go-kit/kit/log/log.go:102.36,104.3 1 1
github.com/go-kit/kit/log/log.go:111.53,113.21 2 1
github.com/go-kit/kit/log/log.go:116.2,116.17 1 1
github.com/go-kit/kit/log/log.go:124.2,124.29 1 1
github.com/go-kit/kit/log/log.go:113.21,115.3 1 1
github.com/go-kit/kit/log/log.go:116.17,119.24 1 1
github.com/go-kit/kit/log/log.go:122.3,122.35 1 1
github.com/go-kit/kit/log/log.go:119.24,121.4 1 1
github.com/go-kit/kit/log/log.go:133.55,135.2 1 1
