mode: set
github.com/go-kit/kit/log/level/level.go:6.42,8.2 1 1
github.com/go-kit/kit/log/level/level.go:11.41,13.2 1 1
github.com/go-kit/kit/log/level/level.go:16.41,18.2 1 1
github.com/go-kit/kit/log/level/level.go:21.42,23.2 1 1
github.com/go-kit/kit/log/level/level.go:30.63,34.33 2 1
github.com/go-kit/kit/log/level/level.go:37.2,37.10 1 1
github.com/go-kit/kit/log/level/level.go:34.33,36.3 1 1
github.com/go-kit/kit/log/level/level.go:48.52,50.39 2 1
github.com/go-kit/kit/log/level/level.go:57.2,57.35 1 1
github.com/go-kit/kit/log/level/level.go:60.2,60.31 1 1
github.com/go-kit/kit/log/level/level.go:63.2,63.31 1 1
github.com/go-kit/kit/log/level/level.go:50.39,51.44 1 1
github.com/go-kit/kit/log/level/level.go:51.44,54.9 3 1
github.com/go-kit/kit/log/level/level.go:57.35,59.3 1 1
github.com/go-kit/kit/log/level/level.go:60.31,62.3 1 1
github.com/go-kit/kit/log/level/level.go:70.24,72.2 1 1
github.com/go-kit/kit/log/level/level.go:75.26,77.2 1 1
github.com/go-kit/kit/log/level/level.go:80.25,82.2 1 1
github.com/go-kit/kit/log/level/level.go:85.25,87.2 1 1
github.com/go-kit/kit/log/level/level.go:90.26,92.2 1 1
github.com/go-kit/kit/log/level/level.go:95.25,97.2 1 1
github.com/go-kit/kit/log/level/level.go:99.36,100.25 1 1
github.com/go-kit/kit/log/level/level.go:100.25,100.48 1 1
github.com/go-kit/kit/log/level/level.go:107.38,108.25 1 1
github.com/go-kit/kit/log/level/level.go:108.25,108.50 1 1
github.com/go-kit/kit/log/level/level.go:115.42,116.25 1 1
github.com/go-kit/kit/log/level/level.go:116.25,116.55 1 1
github.com/go-kit/kit/log/level/level.go:122.35,123.25 1 1
github.com/go-kit/kit/log/level/level.go:123.25,123.47 1 1
github.com/go-kit/kit/log/level/level.go:129.59,134.2 1 1
github.com/go-kit/kit/log/level/level.go:141.54,142.39 1 1
github.com/go-kit/kit/log/level/level.go:147.2,150.27 4 1
github.com/go-kit/kit/log/level/level.go:142.39,143.44 1 1
github.com/go-kit/kit/log/level/level.go:143.44,145.4 1 1
github.com/go-kit/kit/log/level/level.go:164.24,164.38 1 1
github.com/go-kit/kit/log/level/level.go:169.28,169.39 1 0
github.com/go-kit/kit/log/level/level.go:172.25,172.46 1 1
github.com/go-kit/kit/log/level/level.go:175.24,175.44 1 1
github.com/go-kit/kit/log/level/level.go:178.24,178.44 1 1
github.com/go-kit/kit/log/level/level.go:181.25,181.46 1 1
github.com/go-kit/kit/log/level/level.go:209.38,209.55 1 1
github.com/go-kit/kit/log/level/level.go:210.38,210.40 0 0
